10:26:06: Creating resource group General
10:26:06: Creating resource group Internal
10:26:06: Creating resource group Autodetect
10:26:06: SceneManagerFactory for type 'DefaultSceneManager' registered.
10:26:06: Registering ResourceManager for type Material
10:26:06: Registering ResourceManager for type Mesh
10:26:06: Registering ResourceManager for type Skeleton
10:26:06: MovableObjectFactory for type 'ParticleSystem' registered.
10:26:06: ArchiveFactory for archive type FileSystem registered.
10:26:06: ArchiveFactory for archive type Zip registered.
10:26:06: ArchiveFactory for archive type EmbeddedZip registered.
10:26:06: DDS codec registering
10:26:06: FreeImage version: 3.17.0
10:26:06: This program uses FreeImage, a free, open source image library supporting all common bitmap formats. See http://freeimage.sourceforge.net for details
10:26:06: Supported formats: bmp,ico,jpg,jif,jpeg,jpe,jng,koa,iff,lbm,mng,pbm,pbm,pcd,pcx,pgm,pgm,png,ppm,ppm,ras,tga,targa,tif,tiff,wap,wbmp,wbm,psd,cut,xbm,xpm,gif,hdr,sgi,rgb,rgba,bw,exr,j2k,j2c,jp2,pfm,pct,pict,pic,3fr,arw,bay,bmq,cap,cine,cr2,crw,cs1,dc2,dcr,drf,dsc,dng,erf,fff,ia,iiq,k25,kc2,kdc,mdc,mef,mos,mrw,nef,nrw,orf,pef,ptx,pxn,qtk,raf,raw,rdc,rw2,rwl,rwz,sr2,srf,srw,sti,x3f,webp,jxr,wdp,hdp
10:26:06: Registering ResourceManager for type HighLevelGpuProgram
10:26:06: Registering ResourceManager for type Compositor
10:26:06: MovableObjectFactory for type 'Entity' registered.
10:26:06: MovableObjectFactory for type 'Light' registered.
10:26:06: MovableObjectFactory for type 'BillboardSet' registered.
10:26:06: MovableObjectFactory for type 'ManualObject' registered.
10:26:06: MovableObjectFactory for type 'BillboardChain' registered.
10:26:06: MovableObjectFactory for type 'RibbonTrail' registered.
10:26:06: OGRE EXCEPTION(6:FileNotFoundException): 'plugins.cfg' file not found! in ConfigFile::load at /home/RahulDubey/ogre/OgreMain/src/OgreConfigFile.cpp (line 82)
10:26:06: plugins.cfg not found, automatic plugin loading disabled.
10:26:06: *-*-* OGRE Initialising
10:26:06: *-*-* Version 1.9.0 (Ghadamon)
10:26:06: OGRE EXCEPTION(6:FileNotFoundException): 'resources.cfg' file not found! in ConfigFile::load at /home/RahulDubey/ogre/OgreMain/src/OgreConfigFile.cpp (line 82)
10:26:06: *-*-* OGRE Shutdown
10:26:06: Unregistering ResourceManager for type Compositor
10:26:06: Unregistering ResourceManager for type Skeleton
10:26:06: Unregistering ResourceManager for type Mesh
10:26:06: Unregistering ResourceManager for type HighLevelGpuProgram
10:26:06: Unregistering ResourceManager for type Material
